  MyForm.cpp
C:\opencv\build\include\opencv2/core/mat.hpp(1965): warning C4819: 檔案含有無法在目前字碼頁 (950) 中表示的字元。請以 Unicode 格式儲存檔案以防止資料遺失
C:\opencv\build\include\opencv2/core/persistence.hpp : warning C4819: 檔案含有無法在目前字碼頁 (950) 中表示的字元。請以 Unicode 格式儲存檔案以防止資料遺失
C:\opencv\build\include\opencv2/core/utility.hpp : warning C4819: 檔案含有無法在目前字碼頁 (950) 中表示的字元。請以 Unicode 格式儲存檔案以防止資料遺失
e:\vs_2015_projects\ip_hw2and3\ip_hw2and3\MyForm.h(170): warning C4244: '=': 將 'float' 轉換為 'int'，由於類型不同，可能導致資料遺失
e:\vs_2015_projects\ip_hw2and3\ip_hw2and3\MyForm.h(171): warning C4244: '=': 將 'float' 轉換為 'int'，由於類型不同，可能導致資料遺失
e:\vs_2015_projects\ip_hw2and3\ip_hw2and3\MyForm.h(172): warning C4244: '=': 將 'float' 轉換為 'int'，由於類型不同，可能導致資料遺失
e:\vs_2015_projects\ip_hw2and3\ip_hw2and3\MyForm.h(173): warning C4244: '=': 將 'float' 轉換為 'int'，由於類型不同，可能導致資料遺失
e:\vs_2015_projects\ip_hw2and3\ip_hw2and3\MyForm.h(179): warning C4244: '=': 將 'float' 轉換為 'int'，由於類型不同，可能導致資料遺失
e:\vs_2015_projects\ip_hw2and3\ip_hw2and3\MyForm.h(181): warning C4244: '=': 將 'float' 轉換為 'int'，由於類型不同，可能導致資料遺失
e:\vs_2015_projects\ip_hw2and3\ip_hw2and3\MyForm.h(183): warning C4244: '=': 將 'float' 轉換為 'int'，由於類型不同，可能導致資料遺失
e:\vs_2015_projects\ip_hw2and3\ip_hw2and3\MyForm.h(185): warning C4244: '=': 將 'float' 轉換為 'int'，由於類型不同，可能導致資料遺失
e:\vs_2015_projects\ip_hw2and3\ip_hw2and3\MyForm.h(195): warning C4244: '=': 將 'int' 轉換為 'float'，由於類型不同，可能導致資料遺失
e:\vs_2015_projects\ip_hw2and3\ip_hw2and3\MyForm.h(196): warning C4244: '=': 將 'int' 轉換為 'float'，由於類型不同，可能導致資料遺失
e:\vs_2015_projects\ip_hw2and3\ip_hw2and3\MyForm.h(198): warning C4244: '=': 將 'int' 轉換為 'float'，由於類型不同，可能導致資料遺失
e:\vs_2015_projects\ip_hw2and3\ip_hw2and3\MyForm.h(199): warning C4244: '=': 將 'int' 轉換為 'float'，由於類型不同，可能導致資料遺失
e:\vs_2015_projects\ip_hw2and3\ip_hw2and3\MyForm.h(218): warning C4244: '=': 將 'float' 轉換為 'int'，由於類型不同，可能導致資料遺失
e:\vs_2015_projects\ip_hw2and3\ip_hw2and3\MyForm.h(219): warning C4244: '=': 將 'float' 轉換為 'int'，由於類型不同，可能導致資料遺失
e:\vs_2015_projects\ip_hw2and3\ip_hw2and3\MyForm.h(227): warning C4244: '=': 將 'float' 轉換為 'uchar'，由於類型不同，可能導致資料遺失
e:\vs_2015_projects\ip_hw2and3\ip_hw2and3\MyForm.h(230): warning C4244: '=': 將 'float' 轉換為 'uchar'，由於類型不同，可能導致資料遺失
e:\vs_2015_projects\ip_hw2and3\ip_hw2and3\MyForm.h(233): warning C4244: '=': 將 'float' 轉換為 'uchar'，由於類型不同，可能導致資料遺失
e:\vs_2015_projects\ip_hw2and3\ip_hw2and3\MyForm.h(266): warning C4244: '=': 將 'int' 轉換為 'float'，由於類型不同，可能導致資料遺失
e:\vs_2015_projects\ip_hw2and3\ip_hw2and3\MyForm.h(269): warning C4244: '=': 將 'float' 轉換為 'uchar'，由於類型不同，可能導致資料遺失
e:\vs_2015_projects\ip_hw2and3\ip_hw2and3\MyForm.h(279): warning C4244: '=': 將 'int' 轉換為 'float'，由於類型不同，可能導致資料遺失
e:\vs_2015_projects\ip_hw2and3\ip_hw2and3\MyForm.h(282): warning C4244: '=': 將 'float' 轉換為 'uchar'，由於類型不同，可能導致資料遺失
e:\vs_2015_projects\ip_hw2and3\ip_hw2and3\MyForm.h(298): warning C4244: '=': 將 'float' 轉換為 'int'，由於類型不同，可能導致資料遺失
e:\vs_2015_projects\ip_hw2and3\ip_hw2and3\MyForm.h(299): warning C4244: '=': 將 'float' 轉換為 'uchar'，由於類型不同，可能導致資料遺失
e:\vs_2015_projects\ip_hw2and3\ip_hw2and3\MyForm.h(307): warning C4244: '=': 將 'float' 轉換為 'uchar'，由於類型不同，可能導致資料遺失
e:\vs_2015_projects\ip_hw2and3\ip_hw2and3\MyForm.h(317): warning C4244: '=': 將 'int' 轉換為 'float'，由於類型不同，可能導致資料遺失
e:\vs_2015_projects\ip_hw2and3\ip_hw2and3\MyForm.h(320): warning C4244: '=': 將 'float' 轉換為 'uchar'，由於類型不同，可能導致資料遺失
c:\opencv\build\include\opencv2\core\cvstd.hpp(599): warning C4793: 'cv::String::String': 函式會編譯成機器碼:
  	找到 Managed 程式碼中不支援的內建
c:\opencv\build\include\opencv2\core\mat.inl.hpp(392): warning C4793: 'cv::Mat::Mat': 函式會編譯成機器碼:
  	找到 Managed 程式碼中不支援的內建
c:\opencv\build\include\opencv2\core\mat.inl.hpp(681): warning C4793: 'cv::Mat::release': 函式會編譯成機器碼:
  	找到 Managed 程式碼中不支援的內建
c:\opencv\build\include\opencv2\core\mat.inl.hpp(1872): warning C4793: 'cv::SparseMat::addref': 函式會編譯成機器碼:
  	找到 Managed 程式碼中不支援的內建
c:\opencv\build\include\opencv2\core\mat.inl.hpp(3473): warning C4793: 'cv::UMat::addref': 函式會編譯成機器碼:
  	找到 Managed 程式碼中不支援的內建
c:\opencv\build\include\opencv2\core\ptr.inl.hpp(67): warning C4793: 'cv::detail::PtrOwner::incRef': 函式會編譯成機器碼:
  	找到 Managed 程式碼中不支援的內建
c:\opencv\build\include\opencv2\core\ptr.inl.hpp(72): warning C4793: 'cv::detail::PtrOwner::decRef': 函式會編譯成機器碼:
  	找到 Managed 程式碼中不支援的內建
  IP_HW2and3.vcxproj -> E:\VS_2015_Projects\IP_HW2and3\x64\Debug\IP_HW2and3.exe
  IP_HW2and3.vcxproj -> E:\VS_2015_Projects\IP_HW2and3\x64\Debug\IP_HW2and3.pdb (Full PDB)
